  [1m[35m (14.5ms)[0m  [1m[35mCREATE TABLE "schema_migrations" ("version" varchar NOT NULL PRIMARY KEY)[0m
  [1m[35m (13.3ms)[0m  [1m[35mCREATE TABLE "ar_internal_metadata" ("key" varchar NOT NULL PRIMARY KEY, "value" varchar, "created_at" datetime(6) NOT NULL, "updated_at" datetime(6) NOT NULL)[0m
  [1m[36mActiveRecord::SchemaMigration Pluck (0.2ms)[0m  [1m[34mSELECT "schema_migrations"."version" FROM "schema_migrations" ORDER BY "schema_migrations"."version" ASC[0m
Migrating to CreateParcels (20230728072803)
  [1m[36mTRANSACTION (0.1ms)[0m  [1m[36mbegin transaction[0m
  [1m[35m (0.5ms)[0m  [1m[35mCREATE TABLE "parcels" ("id" integer PRIMARY KEY AUTOINCREMENT NOT NULL, "weight" integer, "password_digest" varchar, "present_location" varchar, "status" varchar, "user_id" integer, "created_at" datetime(6) NOT NULL, "updated_at" datetime(6) NOT NULL)[0m
  [1m[36mActiveRecord::SchemaMigration Create (0.3ms)[0m  [1m[32mINSERT INTO "schema_migrations" ("version") VALUES (?)[0m  [["version", "20230728072803"]]
  [1m[36mTRANSACTION (12.3ms)[0m  [1m[36mcommit transaction[0m
  [1m[36mActiveRecord::InternalMetadata Load (0.3ms)[0m  [1m[34mSELECT "ar_internal_metadata".* FROM "ar_internal_metadata" WHERE "ar_internal_metadata"."key" = ? LIMIT ?[0m  [["key", "environment"], ["LIMIT", 1]]
  [1m[36mTRANSACTION (0.1ms)[0m  [1m[36mbegin transaction[0m
  [1m[36mActiveRecord::InternalMetadata Create (2.2ms)[0m  [1m[32mINSERT INTO "ar_internal_metadata" ("key", "value", "created_at", "updated_at") VALUES (?, ?, ?, ?)[0m  [["key", "environment"], ["value", "development"], ["created_at", "2023-07-28 07:37:54.792967"], ["updated_at", "2023-07-28 07:37:54.792967"]]
  [1m[36mTRANSACTION (8.9ms)[0m  [1m[36mcommit transaction[0m
  [1m[36mActiveRecord::SchemaMigration Pluck (0.1ms)[0m  [1m[34mSELECT "schema_migrations"."version" FROM "schema_migrations" ORDER BY "schema_migrations"."version" ASC[0m
  [1m[36mActiveRecord::SchemaMigration Pluck (0.1ms)[0m  [1m[34mSELECT "schema_migrations"."version" FROM "schema_migrations" ORDER BY "schema_migrations"."version" ASC[0m
  [1m[36mActiveRecord::SchemaMigration Pluck (0.1ms)[0m  [1m[34mSELECT "schema_migrations"."version" FROM "schema_migrations" ORDER BY "schema_migrations"."version" ASC[0m
Migrating to CreateUsernames (20230728073945)
  [1m[36mTRANSACTION (0.1ms)[0m  [1m[36mbegin transaction[0m
  [1m[35m (0.3ms)[0m  [1m[35mCREATE TABLE "usernames" ("id" integer PRIMARY KEY AUTOINCREMENT NOT NULL, "password_digest" varchar, "email" varchar, "phone_number" integer, "address" varchar, "created_at" datetime(6) NOT NULL, "updated_at" datetime(6) NOT NULL)[0m
  [1m[36mActiveRecord::SchemaMigration Create (0.2ms)[0m  [1m[32mINSERT INTO "schema_migrations" ("version") VALUES (?)[0m  [["version", "20230728073945"]]
  [1m[36mTRANSACTION (14.8ms)[0m  [1m[36mcommit transaction[0m
  [1m[36mActiveRecord::InternalMetadata Load (0.3ms)[0m  [1m[34mSELECT "ar_internal_metadata".* FROM "ar_internal_metadata" WHERE "ar_internal_metadata"."key" = ? LIMIT ?[0m  [["key", "environment"], ["LIMIT", 1]]
  [1m[36mActiveRecord::SchemaMigration Pluck (0.2ms)[0m  [1m[34mSELECT "schema_migrations"."version" FROM "schema_migrations" ORDER BY "schema_migrations"."version" ASC[0m
  [1m[36mActiveRecord::SchemaMigration Pluck (0.1ms)[0m  [1m[34mSELECT "schema_migrations"."version" FROM "schema_migrations" ORDER BY "schema_migrations"."version" ASC[0m
  [1m[36mActiveRecord::SchemaMigration Pluck (0.2ms)[0m  [1m[34mSELECT "schema_migrations"."version" FROM "schema_migrations" ORDER BY "schema_migrations"."version" ASC[0m
  [1m[36mActiveRecord::SchemaMigration Pluck (0.1ms)[0m  [1m[34mSELECT "schema_migrations"."version" FROM "schema_migrations" ORDER BY "schema_migrations"."version" ASC[0m
  [1m[36mActiveRecord::SchemaMigration Pluck (0.1ms)[0m  [1m[34mSELECT "schema_migrations"."version" FROM "schema_migrations" ORDER BY "schema_migrations"."version" ASC[0m
  [1m[36mActiveRecord::SchemaMigration Pluck (0.0ms)[0m  [1m[34mSELECT "schema_migrations"."version" FROM "schema_migrations" ORDER BY "schema_migrations"."version" ASC[0m
Migrating to CreateUsernames (20230728073945)
  [1m[36mTRANSACTION (0.1ms)[0m  [1m[36mbegin transaction[0m
  [1m[35m (0.4ms)[0m  [1m[35mDROP TABLE "usernames"[0m
  [1m[36mActiveRecord::SchemaMigration Delete All (0.3ms)[0m  [1m[31mDELETE FROM "schema_migrations" WHERE "schema_migrations"."version" = ?[0m  [["version", "20230728073945"]]
  [1m[36mTRANSACTION (7.8ms)[0m  [1m[36mcommit transaction[0m
  [1m[36mActiveRecord::SchemaMigration Pluck (0.1ms)[0m  [1m[34mSELECT "schema_migrations"."version" FROM "schema_migrations" ORDER BY "schema_migrations"."version" ASC[0m
  [1m[36mActiveRecord::SchemaMigration Pluck (0.1ms)[0m  [1m[34mSELECT "schema_migrations"."version" FROM "schema_migrations" ORDER BY "schema_migrations"."version" ASC[0m
Migrating to CreateUsers (20230728074123)
  [1m[36mTRANSACTION (0.3ms)[0m  [1m[36mbegin transaction[0m
  [1m[35m (1.0ms)[0m  [1m[35mCREATE TABLE "users" ("id" integer PRIMARY KEY AUTOINCREMENT NOT NULL, "username" varchar, "password_digest" varchar, "email" varchar, "phone_number" integer, "address" varchar, "created_at" datetime(6) NOT NULL, "updated_at" datetime(6) NOT NULL)[0m
  [1m[36mActiveRecord::SchemaMigration Create (0.2ms)[0m  [1m[32mINSERT INTO "schema_migrations" ("version") VALUES (?)[0m  [["version", "20230728074123"]]
  [1m[36mTRANSACTION (39.9ms)[0m  [1m[36mcommit transaction[0m
  [1m[36mActiveRecord::InternalMetadata Load (0.2ms)[0m  [1m[34mSELECT "ar_internal_metadata".* FROM "ar_internal_metadata" WHERE "ar_internal_metadata"."key" = ? LIMIT ?[0m  [["key", "environment"], ["LIMIT", 1]]
  [1m[36mActiveRecord::SchemaMigration Pluck (0.2ms)[0m  [1m[34mSELECT "schema_migrations"."version" FROM "schema_migrations" ORDER BY "schema_migrations"."version" ASC[0m
  [1m[36mActiveRecord::SchemaMigration Pluck (0.1ms)[0m  [1m[34mSELECT "schema_migrations"."version" FROM "schema_migrations" ORDER BY "schema_migrations"."version" ASC[0m
  [1m[36mActiveRecord::SchemaMigration Pluck (0.2ms)[0m  [1m[34mSELECT "schema_migrations"."version" FROM "schema_migrations" ORDER BY "schema_migrations"."version" ASC[0m
  [1m[36mActiveRecord::InternalMetadata Load (0.2ms)[0m  [1m[34mSELECT "ar_internal_metadata".* FROM "ar_internal_metadata" WHERE "ar_internal_metadata"."key" = ? LIMIT ?[0m  [["key", "environment"], ["LIMIT", 1]]
  [1m[36mActiveRecord::SchemaMigration Pluck (0.1ms)[0m  [1m[34mSELECT "schema_migrations"."version" FROM "schema_migrations" ORDER BY "schema_migrations"."version" ASC[0m
  [1m[36mActiveRecord::SchemaMigration Pluck (0.1ms)[0m  [1m[34mSELECT "schema_migrations"."version" FROM "schema_migrations" ORDER BY "schema_migrations"."version" ASC[0m
  [1m[36mActiveRecord::SchemaMigration Pluck (0.1ms)[0m  [1m[34mSELECT "schema_migrations"."version" FROM "schema_migrations" ORDER BY "schema_migrations"."version" ASC[0m
  [1m[36mActiveRecord::InternalMetadata Load (0.2ms)[0m  [1m[34mSELECT "ar_internal_metadata".* FROM "ar_internal_metadata" WHERE "ar_internal_metadata"."key" = ? LIMIT ?[0m  [["key", "environment"], ["LIMIT", 1]]
  [1m[36mActiveRecord::SchemaMigration Pluck (0.1ms)[0m  [1m[34mSELECT "schema_migrations"."version" FROM "schema_migrations" ORDER BY "schema_migrations"."version" ASC[0m
  [1m[36mActiveRecord::SchemaMigration Pluck (0.1ms)[0m  [1m[34mSELECT "schema_migrations"."version" FROM "schema_migrations" ORDER BY "schema_migrations"."version" ASC[0m
  [1m[36mTRANSACTION (0.0ms)[0m  [1m[36mbegin transaction[0m
  [1m[36mUser Exists? (0.1ms)[0m  [1m[34mSELECT 1 AS one FROM "users" WHERE "users"."username" IS NULL LIMIT ?[0m  [["LIMIT", 1]]
  [1m[36mTRANSACTION (0.1ms)[0m  [1m[31mrollback transaction[0m
  [1m[36mActiveRecord::SchemaMigration Pluck (0.3ms)[0m  [1m[34mSELECT "schema_migrations"."version" FROM "schema_migrations" ORDER BY "schema_migrations"."version" ASC[0m
  [1m[36mActiveRecord::InternalMetadata Load (0.2ms)[0m  [1m[34mSELECT "ar_internal_metadata".* FROM "ar_internal_metadata" WHERE "ar_internal_metadata"."key" = ? LIMIT ?[0m  [["key", "environment"], ["LIMIT", 1]]
  [1m[36mActiveRecord::SchemaMigration Pluck (0.1ms)[0m  [1m[34mSELECT "schema_migrations"."version" FROM "schema_migrations" ORDER BY "schema_migrations"."version" ASC[0m
  [1m[36mActiveRecord::SchemaMigration Pluck (0.1ms)[0m  [1m[34mSELECT "schema_migrations"."version" FROM "schema_migrations" ORDER BY "schema_migrations"."version" ASC[0m
  [1m[36mActiveRecord::SchemaMigration Pluck (0.2ms)[0m  [1m[34mSELECT "schema_migrations"."version" FROM "schema_migrations" ORDER BY "schema_migrations"."version" ASC[0m
  [1m[36mActiveRecord::InternalMetadata Load (0.2ms)[0m  [1m[34mSELECT "ar_internal_metadata".* FROM "ar_internal_metadata" WHERE "ar_internal_metadata"."key" = ? LIMIT ?[0m  [["key", "environment"], ["LIMIT", 1]]
  [1m[36mActiveRecord::SchemaMigration Pluck (0.1ms)[0m  [1m[34mSELECT "schema_migrations"."version" FROM "schema_migrations" ORDER BY "schema_migrations"."version" ASC[0m
  [1m[36mActiveRecord::SchemaMigration Pluck (0.1ms)[0m  [1m[34mSELECT "schema_migrations"."version" FROM "schema_migrations" ORDER BY "schema_migrations"."version" ASC[0m
  [1m[36mTRANSACTION (0.1ms)[0m  [1m[36mbegin transaction[0m
  [1m[36mUser Exists? (0.1ms)[0m  [1m[34mSELECT 1 AS one FROM "users" WHERE "users"."username" = ? LIMIT ?[0m  [["username", "User1"], ["LIMIT", 1]]
  [1m[36mUser Create (5.2ms)[0m  [1m[32mINSERT INTO "users" ("username", "password_digest", "email", "phone_number", "address", "created_at", "updated_at") VALUES (?, ?, ?, ?, ?, ?, ?)[0m  [["username", "User1"], ["password_digest", "[FILTERED]"], ["email", "user1@example.com"], ["phone_number", nil], ["address", nil], ["created_at", "2023-07-28 07:48:14.109560"], ["updated_at", "2023-07-28 07:48:14.109560"]]
  [1m[36mTRANSACTION (8.0ms)[0m  [1m[36mcommit transaction[0m
  [1m[36mTRANSACTION (0.1ms)[0m  [1m[36mbegin transaction[0m
  [1m[36mUser Exists? (0.1ms)[0m  [1m[34mSELECT 1 AS one FROM "users" WHERE "users"."username" = ? LIMIT ?[0m  [["username", "User2"], ["LIMIT", 1]]
  [1m[36mUser Create (0.2ms)[0m  [1m[32mINSERT INTO "users" ("username", "password_digest", "email", "phone_number", "address", "created_at", "updated_at") VALUES (?, ?, ?, ?, ?, ?, ?)[0m  [["username", "User2"], ["password_digest", "[FILTERED]"], ["email", "user2@example.com"], ["phone_number", nil], ["address", nil], ["created_at", "2023-07-28 07:48:14.362786"], ["updated_at", "2023-07-28 07:48:14.362786"]]
  [1m[36mTRANSACTION (12.9ms)[0m  [1m[36mcommit transaction[0m
  [1m[36mActiveRecord::SchemaMigration Pluck (0.3ms)[0m  [1m[34mSELECT "schema_migrations"."version" FROM "schema_migrations" ORDER BY "schema_migrations"."version" ASC[0m
Migrating to AddDestinationToParcel (20230728075016)
  [1m[36mActiveRecord::SchemaMigration Pluck (0.2ms)[0m  [1m[34mSELECT "schema_migrations"."version" FROM "schema_migrations" ORDER BY "schema_migrations"."version" ASC[0m
Migrating to AddDestinationToParcel (20230728075016)
  [1m[36mTRANSACTION (0.1ms)[0m  [1m[36mbegin transaction[0m
  [1m[35m (0.6ms)[0m  [1m[35mALTER TABLE "destination" ADD "parcel" varchar[0m
  [1m[36mTRANSACTION (0.1ms)[0m  [1m[31mrollback transaction[0m
  [1m[36mActiveRecord::SchemaMigration Pluck (0.2ms)[0m  [1m[34mSELECT "schema_migrations"."version" FROM "schema_migrations" ORDER BY "schema_migrations"."version" ASC[0m
Migrating to AddDestinationToParcel (20230728075016)
  [1m[36mActiveRecord::SchemaMigration Pluck (0.2ms)[0m  [1m[34mSELECT "schema_migrations"."version" FROM "schema_migrations" ORDER BY "schema_migrations"."version" ASC[0m
Migrating to AddDestinationToParcel (20230728075016)
  [1m[36mTRANSACTION (0.1ms)[0m  [1m[36mbegin transaction[0m
  [1m[35m (0.2ms)[0m  [1m[35mALTER TABLE "parcel" ADD "destination" varchar[0m
  [1m[36mTRANSACTION (0.1ms)[0m  [1m[31mrollback transaction[0m
  [1m[36mActiveRecord::SchemaMigration Pluck (0.2ms)[0m  [1m[34mSELECT "schema_migrations"."version" FROM "schema_migrations" ORDER BY "schema_migrations"."version" ASC[0m
Migrating to AddDestinationToParcel (20230728075016)
  [1m[36mTRANSACTION (0.1ms)[0m  [1m[36mbegin transaction[0m
  [1m[35m (0.6ms)[0m  [1m[35mALTER TABLE "parcels" ADD "destination" varchar[0m
  [1m[36mActiveRecord::SchemaMigration Create (0.2ms)[0m  [1m[32mINSERT INTO "schema_migrations" ("version") VALUES (?)[0m  [["version", "20230728075016"]]
  [1m[36mTRANSACTION (12.1ms)[0m  [1m[36mcommit transaction[0m
  [1m[36mActiveRecord::InternalMetadata Load (0.4ms)[0m  [1m[34mSELECT "ar_internal_metadata".* FROM "ar_internal_metadata" WHERE "ar_internal_metadata"."key" = ? LIMIT ?[0m  [["key", "environment"], ["LIMIT", 1]]
  [1m[36mActiveRecord::SchemaMigration Pluck (0.1ms)[0m  [1m[34mSELECT "schema_migrations"."version" FROM "schema_migrations" ORDER BY "schema_migrations"."version" ASC[0m
  [1m[36mActiveRecord::SchemaMigration Pluck (0.1ms)[0m  [1m[34mSELECT "schema_migrations"."version" FROM "schema_migrations" ORDER BY "schema_migrations"."version" ASC[0m
  [1m[36mTRANSACTION (0.1ms)[0m  [1m[36mbegin transaction[0m
  [1m[36mUser Exists? (0.2ms)[0m  [1m[34mSELECT 1 AS one FROM "users" WHERE "users"."username" = ? LIMIT ?[0m  [["username", "User1"], ["LIMIT", 1]]
  [1m[36mTRANSACTION (0.1ms)[0m  [1m[31mrollback transaction[0m
  [1m[36mActiveRecord::SchemaMigration Pluck (0.2ms)[0m  [1m[34mSELECT "schema_migrations"."version" FROM "schema_migrations" ORDER BY "schema_migrations"."version" ASC[0m
  [1m[36mActiveRecord::InternalMetadata Load (0.2ms)[0m  [1m[34mSELECT "ar_internal_metadata".* FROM "ar_internal_metadata" WHERE "ar_internal_metadata"."key" = ? LIMIT ?[0m  [["key", "environment"], ["LIMIT", 1]]
  [1m[36mActiveRecord::SchemaMigration Pluck (0.2ms)[0m  [1m[34mSELECT "schema_migrations"."version" FROM "schema_migrations" ORDER BY "schema_migrations"."version" ASC[0m
  [1m[36mActiveRecord::SchemaMigration Pluck (0.1ms)[0m  [1m[34mSELECT "schema_migrations"."version" FROM "schema_migrations" ORDER BY "schema_migrations"."version" ASC[0m
  [1m[36mTRANSACTION (0.1ms)[0m  [1m[36mbegin transaction[0m
  [1m[36mUser Create (0.4ms)[0m  [1m[32mINSERT INTO "users" ("username", "password_digest", "email", "phone_number", "address", "created_at", "updated_at") VALUES (?, ?, ?, ?, ?, ?, ?)[0m  [["username", "User1"], ["password_digest", "[FILTERED]"], ["email", "user1@example.com"], ["phone_number", nil], ["address", nil], ["created_at", "2023-07-28 07:54:35.337661"], ["updated_at", "2023-07-28 07:54:35.337661"]]
  [1m[36mTRANSACTION (13.2ms)[0m  [1m[36mcommit transaction[0m
  [1m[36mTRANSACTION (0.1ms)[0m  [1m[36mbegin transaction[0m
  [1m[36mUser Create (0.5ms)[0m  [1m[32mINSERT INTO "users" ("username", "password_digest", "email", "phone_number", "address", "created_at", "updated_at") VALUES (?, ?, ?, ?, ?, ?, ?)[0m  [["username", "User2"], ["password_digest", "[FILTERED]"], ["email", "user2@example.com"], ["phone_number", nil], ["address", nil], ["created_at", "2023-07-28 07:54:35.597818"], ["updated_at", "2023-07-28 07:54:35.597818"]]
  [1m[36mTRANSACTION (12.4ms)[0m  [1m[36mcommit transaction[0m
  [1m[36mTRANSACTION (0.1ms)[0m  [1m[36mbegin transaction[0m
  [1m[36mUser Load (0.1ms)[0m  [1m[34mSELECT "users".* FROM "users" WHERE "users"."id" = ? LIMIT ?[0m  [["id", 1], ["LIMIT", 1]]
  [1m[36mParcel Create (0.5ms)[0m  [1m[32mINSERT INTO "parcels" ("weight", "password_digest", "present_location", "status", "user_id", "created_at", "updated_at", "destination") VALUES (?, ?, ?, ?, ?, ?, ?, ?)[0m  [["weight", 2], ["password_digest", "[FILTERED]"], ["present_location", "Pickup Point 1"], ["status", "pending"], ["user_id", 1], ["created_at", "2023-07-28 07:54:35.651692"], ["updated_at", "2023-07-28 07:54:35.651692"], ["destination", "123 Main St, City A, Country X"]]
  [1m[36mTRANSACTION (8.2ms)[0m  [1m[36mcommit transaction[0m
  [1m[36mTRANSACTION (0.1ms)[0m  [1m[36mbegin transaction[0m
  [1m[36mUser Load (0.2ms)[0m  [1m[34mSELECT "users".* FROM "users" WHERE "users"."id" = ? LIMIT ?[0m  [["id", 1], ["LIMIT", 1]]
  [1m[36mParcel Create (0.5ms)[0m  [1m[32mINSERT INTO "parcels" ("weight", "password_digest", "present_location", "status", "user_id", "created_at", "updated_at", "destination") VALUES (?, ?, ?, ?, ?, ?, ?, ?)[0m  [["weight", 3], ["password_digest", "[FILTERED]"], ["present_location", "Delivery Hub B"], ["status", "delivered"], ["user_id", 1], ["created_at", "2023-07-28 07:54:35.671288"], ["updated_at", "2023-07-28 07:54:35.671288"], ["destination", "456 Elm St, City B, Country Y"]]
  [1m[36mTRANSACTION (8.5ms)[0m  [1m[36mcommit transaction[0m
  [1m[36mTRANSACTION (0.1ms)[0m  [1m[36mbegin transaction[0m
  [1m[36mUser Load (0.2ms)[0m  [1m[34mSELECT "users".* FROM "users" WHERE "users"."id" = ? LIMIT ?[0m  [["id", 2], ["LIMIT", 1]]
  [1m[36mParcel Create (0.5ms)[0m  [1m[32mINSERT INTO "parcels" ("weight", "password_digest", "present_location", "status", "user_id", "created_at", "updated_at", "destination") VALUES (?, ?, ?, ?, ?, ?, ?, ?)[0m  [["weight", 1], ["password_digest", "[FILTERED]"], ["present_location", "Transit Point 2"], ["status", "in_transit"], ["user_id", 2], ["created_at", "2023-07-28 07:54:35.690132"], ["updated_at", "2023-07-28 07:54:35.690132"], ["destination", "789 Oak St, City C, Country Z"]]
  [1m[36mTRANSACTION (8.1ms)[0m  [1m[36mcommit transaction[0m
Started GET "/parcels" for 127.0.0.1 at 2023-07-28 10:56:52 +0300
  [1m[36mActiveRecord::SchemaMigration Pluck (1.0ms)[0m  [1m[34mSELECT "schema_migrations"."version" FROM "schema_migrations" ORDER BY "schema_migrations"."version" ASC[0m
  
SyntaxError (/home/joe/Moringa/code/phase4/sendit/server/app/controllers/parcels_controller.rb:7: syntax error, unexpected ':', expecting `end'
        render: :json parcels, status: :ok
              ^
/home/joe/Moringa/code/phase4/sendit/server/app/controllers/parcels_controller.rb:33: syntax error, unexpected ':', expecting `end'
        render: :json parcel.error, status: ...
              ^
/home/joe/Moringa/code/phase4/sendit/server/app/controllers/parcels_controller.rb:33: syntax error, unexpected label, expecting '='
...er: :json parcel.error, status: :not_found
...                        ^~~~~~~
):
  
app/controllers/parcels_controller.rb:7: syntax error, unexpected ':', expecting `end'
app/controllers/parcels_controller.rb:33: syntax error, unexpected ':', expecting `end'
app/controllers/parcels_controller.rb:33: syntax error, unexpected label, expecting '='
app/controllers/parcels_controller.rb:7: syntax error, unexpected ':', expecting `end'
app/controllers/parcels_controller.rb:33: syntax error, unexpected ':', expecting `end'
app/controllers/parcels_controller.rb:33: syntax error, unexpected label, expecting '='
Started GET "/parcels" for 127.0.0.1 at 2023-07-28 10:57:28 +0300
  
SyntaxError (/home/joe/Moringa/code/phase4/sendit/server/app/controllers/parcels_controller.rb:7: syntax error, unexpected local variable or method, expecting `end'
        render :json parcels, status: :ok
                     ^~~~~~~
/home/joe/Moringa/code/phase4/sendit/server/app/controllers/parcels_controller.rb:33: syntax error, unexpected ':', expecting `end'
        render: :json parcel.error, status: ...
              ^
/home/joe/Moringa/code/phase4/sendit/server/app/controllers/parcels_controller.rb:33: syntax error, unexpected label, expecting '='
...er: :json parcel.error, status: :not_found
...                        ^~~~~~~
):
  
app/controllers/parcels_controller.rb:7: syntax error, unexpected local variable or method, expecting `end'
app/controllers/parcels_controller.rb:33: syntax error, unexpected ':', expecting `end'
app/controllers/parcels_controller.rb:33: syntax error, unexpected label, expecting '='
app/controllers/parcels_controller.rb:7: syntax error, unexpected local variable or method, expecting `end'
app/controllers/parcels_controller.rb:33: syntax error, unexpected ':', expecting `end'
app/controllers/parcels_controller.rb:33: syntax error, unexpected label, expecting '='
Started GET "/parcels" for 127.0.0.1 at 2023-07-28 10:57:49 +0300
  
SyntaxError (/home/joe/Moringa/code/phase4/sendit/server/app/controllers/parcels_controller.rb:7: syntax error, unexpected local variable or method, expecting `end'
        render :json parcels, status: :ok
                     ^~~~~~~
/home/joe/Moringa/code/phase4/sendit/server/app/controllers/parcels_controller.rb:33: syntax error, unexpected local variable or method, expecting `end'
        render :json parcel.error, status: :not_found
                     ^~~~~~
/home/joe/Moringa/code/phase4/sendit/server/app/controllers/parcels_controller.rb:33: syntax error, unexpected label, expecting '='
...der :json parcel.error, status: :not_found
...                        ^~~~~~~
):
  
app/controllers/parcels_controller.rb:7: syntax error, unexpected local variable or method, expecting `end'
app/controllers/parcels_controller.rb:33: syntax error, unexpected local variable or method, expecting `end'
app/controllers/parcels_controller.rb:33: syntax error, unexpected label, expecting '='
app/controllers/parcels_controller.rb:7: syntax error, unexpected local variable or method, expecting `end'
app/controllers/parcels_controller.rb:33: syntax error, unexpected local variable or method, expecting `end'
app/controllers/parcels_controller.rb:33: syntax error, unexpected label, expecting '='
Started GET "/parcels" for 127.0.0.1 at 2023-07-28 10:59:35 +0300
  
SyntaxError (/home/joe/Moringa/code/phase4/sendit/server/app/controllers/parcels_controller.rb:7: syntax error, unexpected local variable or method, expecting `end'
        render :json parcels, status: :ok
                     ^~~~~~~
/home/joe/Moringa/code/phase4/sendit/server/app/controllers/parcels_controller.rb:33: syntax error, unexpected local variable or method, expecting `end'
        render :json parcel.error, status: :not_found
                     ^~~~~~
/home/joe/Moringa/code/phase4/sendit/server/app/controllers/parcels_controller.rb:33: syntax error, unexpected label, expecting '='
...der :json parcel.error, status: :not_found
...                        ^~~~~~~
):
  
app/controllers/parcels_controller.rb:7: syntax error, unexpected local variable or method, expecting `end'
app/controllers/parcels_controller.rb:33: syntax error, unexpected local variable or method, expecting `end'
app/controllers/parcels_controller.rb:33: syntax error, unexpected label, expecting '='
app/controllers/parcels_controller.rb:7: syntax error, unexpected local variable or method, expecting `end'
app/controllers/parcels_controller.rb:33: syntax error, unexpected local variable or method, expecting `end'
app/controllers/parcels_controller.rb:33: syntax error, unexpected label, expecting '='
  [1m[36mActiveRecord::SchemaMigration Pluck (0.2ms)[0m  [1m[34mSELECT "schema_migrations"."version" FROM "schema_migrations" ORDER BY "schema_migrations"."version" ASC[0m
Migrating to CreateAdmins (20230728080825)
  [1m[36mTRANSACTION (0.2ms)[0m  [1m[36mbegin transaction[0m
  [1m[35m (0.6ms)[0m  [1m[35mCREATE TABLE "admins" ("id" integer PRIMARY KEY AUTOINCREMENT NOT NULL, "username" varchar, "email" varchar, "password_digest" varchar, "created_at" datetime(6) NOT NULL, "updated_at" datetime(6) NOT NULL)[0m
  [1m[36mActiveRecord::SchemaMigration Create (0.4ms)[0m  [1m[32mINSERT INTO "schema_migrations" ("version") VALUES (?)[0m  [["version", "20230728080825"]]
  [1m[36mTRANSACTION (25.0ms)[0m  [1m[36mcommit transaction[0m
  [1m[36mActiveRecord::InternalMetadata Load (0.3ms)[0m  [1m[34mSELECT "ar_internal_metadata".* FROM "ar_internal_metadata" WHERE "ar_internal_metadata"."key" = ? LIMIT ?[0m  [["key", "environment"], ["LIMIT", 1]]
  [1m[36mActiveRecord::SchemaMigration Pluck (0.3ms)[0m  [1m[34mSELECT "schema_migrations"."version" FROM "schema_migrations" ORDER BY "schema_migrations"."version" ASC[0m
